2026-02-19 16:06:41,555 - trading_bot - INFO - CLI Command received: BTCUSDT BUY MARKET 0.005 None
2026-02-19 16:06:41,556 - trading_bot.client - INFO - Initializing Binance Client (Testnet=True)
2026-02-19 16:06:42,743 - trading_bot.client - INFO - Successfully connected to Binance.
2026-02-19 16:06:42,743 - trading_bot.client - INFO - Placing order: Symbol=BTCUSDT, Side=BUY, Type=MARKET, Qty=0.005, Price=None
2026-02-19 16:06:43,464 - trading_bot.client - INFO - Order placed successfully: {'orderId': 12388463910, 'symbol': 'BTCUSDT', 'status': 'NEW', 'clientOrderId': 'x-Cb7ytekJf950405d864ee8529946a6', 'price': '0.00', 'avgPrice': '0.00', 'origQty': '0.005', 'executedQty': '0.000', 'cumQty': '0.000', 'cumQuote': '0.00000', 'timeInForce': 'GTC', 'type': 'MARKET', 'reduceOnly': False, 'closePosition': False, 'side': 'BUY', 'positionSide': 'BOTH', 'stopPrice': '0.00', 'workingType': 'CONTRACT_PRICE', 'priceProtect': False, 'origType': 'MARKET', 'priceMatch': 'NONE', 'selfTradePreventionMode': 'EXPIRE_MAKER', 'goodTillDate': 0, 'updateTime': 1771497403459}
2026-02-19 16:07:20,987 - trading_bot - INFO - CLI Command received: BTCUSDT BUY MARKET 0.005 None
2026-02-19 16:07:20,988 - trading_bot.client - INFO - Initializing Binance Client (Testnet=True)
2026-02-19 16:07:22,149 - trading_bot.client - INFO - Successfully connected to Binance.
2026-02-19 16:07:22,149 - trading_bot.client - INFO - Placing order: Symbol=BTCUSDT, Side=BUY, Type=MARKET, Qty=0.005, Price=None
2026-02-19 16:07:22,817 - trading_bot.client - INFO - Order placed successfully: {'orderId': 12388475049, 'symbol': 'BTCUSDT', 'status': 'NEW', 'clientOrderId': 'x-Cb7ytekJdb1a86b49ff3f26fc25a7d', 'price': '0.00', 'avgPrice': '0.00', 'origQty': '0.005', 'executedQty': '0.000', 'cumQty': '0.000', 'cumQuote': '0.00000', 'timeInForce': 'GTC', 'type': 'MARKET', 'reduceOnly': False, 'closePosition': False, 'side': 'BUY', 'positionSide': 'BOTH', 'stopPrice': '0.00', 'workingType': 'CONTRACT_PRICE', 'priceProtect': False, 'origType': 'MARKET', 'priceMatch': 'NONE', 'selfTradePreventionMode': 'EXPIRE_MAKER', 'goodTillDate': 0, 'updateTime': 1771497442835}
2026-02-19 16:08:14,221 - trading_bot - INFO - CLI Command received: BTCUSDT BUY MARKET 0.015 None
2026-02-19 16:08:14,222 - trading_bot.client - INFO - Initializing Binance Client (Testnet=True)
2026-02-19 16:08:15,459 - trading_bot.client - INFO - Successfully connected to Binance.
2026-02-19 16:08:15,459 - trading_bot.client - INFO - Placing order: Symbol=BTCUSDT, Side=BUY, Type=MARKET, Qty=0.015, Price=None
2026-02-19 16:08:16,222 - trading_bot.client - INFO - Order placed successfully: {'orderId': 12388491934, 'symbol': 'BTCUSDT', 'status': 'NEW', 'clientOrderId': 'x-Cb7ytekJbf616ffbad94f28675c9fd', 'price': '0.00', 'avgPrice': '0.00', 'origQty': '0.015', 'executedQty': '0.000', 'cumQty': '0.000', 'cumQuote': '0.00000', 'timeInForce': 'GTC', 'type': 'MARKET', 'reduceOnly': False, 'closePosition': False, 'side': 'BUY', 'positionSide': 'BOTH', 'stopPrice': '0.00', 'workingType': 'CONTRACT_PRICE', 'priceProtect': False, 'origType': 'MARKET', 'priceMatch': 'NONE', 'selfTradePreventionMode': 'EXPIRE_MAKER', 'goodTillDate': 0, 'updateTime': 1771497496211}
2026-02-19 16:53:32,177 - trading_bot - INFO - CLI Command received: BTCUSDT BUY STOP_MARKET 0.002 None 68000.0
2026-02-19 16:53:32,177 - trading_bot.client - INFO - Initializing Binance Client (Testnet=True)
2026-02-19 16:53:32,893 - trading_bot.client - INFO - Successfully connected to Binance.
2026-02-19 16:53:32,893 - trading_bot.client - INFO - Placing order: Symbol=BTCUSDT, Side=BUY, Type=STOP_MARKET, Qty=0.002, Price=None, StopPrice=68000.0
2026-02-19 16:53:32,893 - trading_bot.client - INFO - Sending params to Binance: {'symbol': 'BTCUSDT', 'side': 'BUY', 'type': 'STOP_MARKET', 'quantity': 0.002, 'stopPrice': '68000.0'}
2026-02-19 16:53:33,505 - trading_bot.client - INFO - Order placed successfully: {'algoId': 1000000015152107, 'clientAlgoId': 'x-Cb7ytekJ6d66d93110e72f21c2078a', 'algoType': 'CONDITIONAL', 'orderType': 'STOP_MARKET', 'symbol': 'BTCUSDT', 'side': 'BUY', 'positionSide': 'BOTH', 'timeInForce': 'GTC', 'quantity': '0.002', 'algoStatus': 'NEW', 'triggerPrice': '68000.00', 'price': '0.00', 'icebergQuantity': None, 'selfTradePreventionMode': 'EXPIRE_MAKER', 'workingType': 'CONTRACT_PRICE', 'priceMatch': 'NONE', 'closePosition': False, 'priceProtect': False, 'reduceOnly': False, 'createTime': 1771500213390, 'updateTime': 1771500213393, 'triggerTime': 0, 'goodTillDate': 0}
